[debug] [2026-04-12T18:22:58.103Z] ----------------------------------------------------------------------
[debug] [2026-04-12T18:22:58.105Z] Command:       /usr/local/bin/node /usr/local/bin/firebase emulators:start --only functions
[debug] [2026-04-12T18:22:58.105Z] CLI Version:   14.12.1
[debug] [2026-04-12T18:22:58.105Z] Platform:      darwin
[debug] [2026-04-12T18:22:58.105Z] Node Version:  v22.17.1
[debug] [2026-04-12T18:22:58.105Z] Time:          Mon Apr 13 2026 02:22:58 GMT+0800 (Hong Kong Standard Time)
[debug] [2026-04-12T18:22:58.105Z] ----------------------------------------------------------------------
[debug] 
[debug] [2026-04-12T18:22:58.229Z] > command requires scopes: ["email","openid","https://www.googleapis.com/auth/cloudplatformprojects.readonly","https://www.googleapis.com/auth/firebase","https://www.googleapis.com/auth/cloud-platform"]
[debug] [2026-04-12T18:22:58.230Z] > authorizing via signed-in user (silwolf1121@gmail.com)
[info] i  emulators: Starting emulators: functions {"metadata":{"emulator":{"name":"hub"},"message":"Starting emulators: functions"}}
[debug] [2026-04-12T18:22:58.546Z] [logging] Logging Emulator only supports listening on one address (127.0.0.1). Not listening on ::1
[debug] [2026-04-12T18:22:58.547Z] assigned listening specs for emulators {"user":{"hub":[{"address":"127.0.0.1","family":"IPv4","port":4400},{"address":"::1","family":"IPv6","port":4400}],"ui":[{"address":"127.0.0.1","family":"IPv4","port":4000},{"address":"::1","family":"IPv6","port":4000}],"logging":[{"address":"127.0.0.1","family":"IPv4","port":4500}]},"metadata":{"message":"assigned listening specs for emulators"}}
[debug] [2026-04-12T18:22:58.549Z] [hub] writing locator at /var/folders/cm/zgxs9b6d7ts6sk938r213bx40000gp/T/hub-hkmjbs-streaming.json
[debug] [2026-04-12T18:22:58.868Z] [functions] Functions Emulator only supports listening on one address (127.0.0.1). Not listening on ::1
[debug] [2026-04-12T18:22:58.868Z] [eventarc] Eventarc Emulator only supports listening on one address (127.0.0.1). Not listening on ::1
[debug] [2026-04-12T18:22:58.868Z] [tasks] Cloud Tasks Emulator only supports listening on one address (127.0.0.1). Not listening on ::1
[debug] [2026-04-12T18:22:58.868Z] late-assigned ports for functions and eventarc emulators {"user":{"hub":[{"address":"127.0.0.1","family":"IPv4","port":4400},{"address":"::1","family":"IPv6","port":4400}],"ui":[{"address":"127.0.0.1","family":"IPv4","port":4000},{"address":"::1","family":"IPv6","port":4000}],"logging":[{"address":"127.0.0.1","family":"IPv4","port":4500}],"functions":[{"address":"127.0.0.1","family":"IPv4","port":5001}],"eventarc":[{"address":"127.0.0.1","family":"IPv4","port":9299}],"tasks":[{"address":"127.0.0.1","family":"IPv4","port":9499}]},"metadata":{"message":"late-assigned ports for functions and eventarc emulators"}}
[warn] ⚠  functions: The following emulators are not running, calls to these services from the Functions emulator will affect production: apphosting, auth, firestore, database, hosting, pubsub, storage, dataconnect {"metadata":{"emulator":{"name":"functions"},"message":"The following emulators are not running, calls to these services from the Functions emulator will affect production: \u001b[1mapphosting, auth, firestore, database, hosting, pubsub, storage, dataconnect\u001b[22m"}}
[debug] [2026-04-12T18:22:58.900Z] defaultcredentials: writing to file /Users/silwolf/.config/firebase/silwolf1121_gmail_com_application_default_credentials.json
[debug] [2026-04-12T18:22:58.901Z] Setting GAC to /Users/silwolf/.config/firebase/silwolf1121_gmail_com_application_default_credentials.json {"metadata":{"emulator":{"name":"functions"},"message":"Setting GAC to /Users/silwolf/.config/firebase/silwolf1121_gmail_com_application_default_credentials.json"}}
[debug] [2026-04-12T18:22:58.902Z] Checked if tokens are valid: true, expires at: 1776020339161
[debug] [2026-04-12T18:22:58.902Z] Checked if tokens are valid: true, expires at: 1776020339161
[debug] [2026-04-12T18:22:58.902Z] >>> [apiv2][query] GET https://firebase.googleapis.com/v1beta1/projects/hkmjbs-streaming/adminSdkConfig [none]
[debug] [2026-04-12T18:23:00.094Z] <<< [apiv2][status] GET https://firebase.googleapis.com/v1beta1/projects/hkmjbs-streaming/adminSdkConfig 200
[debug] [2026-04-12T18:23:00.094Z] <<< [apiv2][body] GET https://firebase.googleapis.com/v1beta1/projects/hkmjbs-streaming/adminSdkConfig {"projectId":"hkmjbs-streaming","databaseURL":"https://hkmjbs-streaming-default-rtdb.asia-southeast1.firebasedatabase.app","storageBucket":"hkmjbs-streaming.appspot.com","locationId":"asia-east2"}
[info] i  ui: downloading ui-v1.15.0.zip... {"metadata":{"emulator":{"name":"ui"},"message":"downloading ui-v1.15.0.zip..."}}
[debug] [2026-04-12T18:23:00.112Z] >>> [apiv2][query] GET https://storage.googleapis.com/firebase-preview-drop/emulator/ui-v1.15.0.zip 
[debug] [2026-04-12T18:23:00.334Z] <<< [apiv2][status] GET https://storage.googleapis.com/firebase-preview-drop/emulator/ui-v1.15.0.zip 200
[debug] [2026-04-12T18:23:00.335Z] <<< [apiv2][body] GET https://storage.googleapis.com/firebase-preview-drop/emulator/ui-v1.15.0.zip [stream]
[debug] [2026-04-12T18:23:00.430Z] Data is 3538469
[debug] [2026-04-12T18:23:00.431Z] [unzip] Entry: client/ (compressed_size=0 bytes, uncompressed_size=0 bytes)
[debug] [2026-04-12T18:23:00.431Z] [unzip] Processing entry: client/
[debug] [2026-04-12T18:23:00.431Z] [unzip] mkdir: /Users/silwolf/.cache/firebase/emulators/ui-v1.15.0/client/
[debug] [2026-04-12T18:23:00.431Z] [unzip] Entry: client/favicon-16x16.png (compressed_size=293 bytes, uncompressed_size=293 bytes)
[debug] [2026-04-12T18:23:00.431Z] [unzip] Processing entry: client/favicon-16x16.png
[debug] [2026-04-12T18:23:00.431Z] [unzip] else mkdir: /Users/silwolf/.cache/firebase/emulators/ui-v1.15.0/client
[debug] [2026-04-12T18:23:00.431Z] [unzip] Writing file: /Users/silwolf/.cache/firebase/emulators/ui-v1.15.0/client/favicon-16x16.png
[debug] [2026-04-12T18:23:00.432Z] [unzip] Entry: client/safari-pinned-tab.svg (compressed_size=1433 bytes, uncompressed_size=2611 bytes)
[debug] [2026-04-12T18:23:00.432Z] [unzip] Processing entry: client/safari-pinned-tab.svg
[debug] [2026-04-12T18:23:00.432Z] [unzip] else mkdir: /Users/silwolf/.cache/firebase/emulators/ui-v1.15.0/client
[debug] [2026-04-12T18:23:00.432Z] [unzip] deflating: /Users/silwolf/.cache/firebase/emulators/ui-v1.15.0/client/safari-pinned-tab.svg
[debug] [2026-04-12T18:23:00.433Z] [unzip] Entry: client/favicon.ico (compressed_size=2933 bytes, uncompressed_size=13294 bytes)
[debug] [2026-04-12T18:23:00.434Z] [unzip] Processing entry: client/favicon.ico
[debug] [2026-04-12T18:23:00.434Z] [unzip] else mkdir: /Users/silwolf/.cache/firebase/emulators/ui-v1.15.0/client
[debug] [2026-04-12T18:23:00.434Z] [unzip] deflating: /Users/silwolf/.cache/firebase/emulators/ui-v1.15.0/client/favicon.ico
[debug] [2026-04-12T18:23:00.435Z] [unzip] Entry: client/index.html (compressed_size=1364 bytes, uncompressed_size=3071 bytes)
[debug] [2026-04-12T18:23:00.435Z] [unzip] Processing entry: client/index.html
[debug] [2026-04-12T18:23:00.435Z] [unzip] else mkdir: /Users/silwolf/.cache/firebase/emulators/ui-v1.15.0/client
[debug] [2026-04-12T18:23:00.435Z] [unzip] deflating: /Users/silwolf/.cache/firebase/emulators/ui-v1.15.0/client/index.html
[debug] [2026-04-12T18:23:00.435Z] [unzip] Entry: client/android-chrome-192x192.png (compressed_size=2684 bytes, uncompressed_size=2684 bytes)
[debug] [2026-04-12T18:23:00.435Z] [unzip] Processing entry: client/android-chrome-192x192.png
[debug] [2026-04-12T18:23:00.435Z] [unzip] else mkdir: /Users/silwolf/.cache/firebase/emulators/ui-v1.15.0/client
[debug] [2026-04-12T18:23:00.435Z] [unzip] Writing file: /Users/silwolf/.cache/firebase/emulators/ui-v1.15.0/client/android-chrome-192x192.png
[debug] [2026-04-12T18:23:00.436Z] [unzip] Entry: client/apple-touch-icon.png (compressed_size=2123 bytes, uncompressed_size=2152 bytes)
[debug] [2026-04-12T18:23:00.436Z] [unzip] Processing entry: client/apple-touch-icon.png
[debug] [2026-04-12T18:23:00.436Z] [unzip] else mkdir: /Users/silwolf/.cache/firebase/emulators/ui-v1.15.0/client
[debug] [2026-04-12T18:23:00.436Z] [unzip] deflating: /Users/silwolf/.cache/firebase/emulators/ui-v1.15.0/client/apple-touch-icon.png
[debug] [2026-04-12T18:23:00.436Z] [unzip] Entry: client/android-chrome-512x512.png (compressed_size=5369 bytes, uncompressed_size=5411 bytes)
[debug] [2026-04-12T18:23:00.436Z] [unzip] Processing entry: client/android-chrome-512x512.png
[debug] [2026-04-12T18:23:00.436Z] [unzip] else mkdir: /Users/silwolf/.cache/firebase/emulators/ui-v1.15.0/client
[debug] [2026-04-12T18:23:00.436Z] [unzip] deflating: /Users/silwolf/.cache/firebase/emulators/ui-v1.15.0/client/android-chrome-512x512.png
[debug] [2026-04-12T18:23:00.437Z] [unzip] Entry: client/manifest.json (compressed_size=245 bytes, uncompressed_size=551 bytes)
[debug] [2026-04-12T18:23:00.437Z] [unzip] Processing entry: client/manifest.json
[debug] [2026-04-12T18:23:00.437Z] [unzip] else mkdir: /Users/silwolf/.cache/firebase/emulators/ui-v1.15.0/client
[debug] [2026-04-12T18:23:00.437Z] [unzip] deflating: /Users/silwolf/.cache/firebase/emulators/ui-v1.15.0/client/manifest.json
[debug] [2026-04-12T18:23:00.437Z] [unzip] Entry: client/robots.txt (compressed_size=26 bytes, uncompressed_size=26 bytes)
[debug] [2026-04-12T18:23:00.437Z] [unzip] Processing entry: client/robots.txt
[debug] [2026-04-12T18:23:00.437Z] [unzip] else mkdir: /Users/silwolf/.cache/firebase/emulators/ui-v1.15.0/client
[debug] [2026-04-12T18:23:00.437Z] [unzip] Writing file: /Users/silwolf/.cache/firebase/emulators/ui-v1.15.0/client/robots.txt
[debug] [2026-04-12T18:23:00.438Z] [unzip] Entry: client/mstile-150x150.png (compressed_size=2034 bytes, uncompressed_size=2034 bytes)
[debug] [2026-04-12T18:23:00.438Z] [unzip] Processing entry: client/mstile-150x150.png
[debug] [2026-04-12T18:23:00.438Z] [unzip] else mkdir: /Users/silwolf/.cache/firebase/emulators/ui-v1.15.0/client
[debug] [2026-04-12T18:23:00.438Z] [unzip] Writing file: /Users/silwolf/.cache/firebase/emulators/ui-v1.15.0/client/mstile-150x150.png
[debug] [2026-04-12T18:23:00.438Z] [unzip] Entry: client/assets/ (compressed_size=0 bytes, uncompressed_size=0 bytes)
[debug] [2026-04-12T18:23:00.438Z] [unzip] Processing entry: client/assets/
[debug] [2026-04-12T18:23:00.438Z] [unzip] mkdir: /Users/silwolf/.cache/firebase/emulators/ui-v1.15.0/client/assets/
[debug] [2026-04-12T18:23:00.438Z] [unzip] Entry: client/assets/index-BX-A56oj.js (compressed_size=582089 bytes, uncompressed_size=2092775 bytes)
[debug] [2026-04-12T18:23:00.438Z] [unzip] Processing entry: client/assets/index-BX-A56oj.js
[debug] [2026-04-12T18:23:00.438Z] [unzip] else mkdir: /Users/silwolf/.cache/firebase/emulators/ui-v1.15.0/client/assets
[debug] [2026-04-12T18:23:00.438Z] [unzip] deflating: /Users/silwolf/.cache/firebase/emulators/ui-v1.15.0/client/assets/index-BX-A56oj.js
[debug] [2026-04-12T18:23:00.445Z] [unzip] Entry: client/assets/index-CjB9C900.css (compressed_size=35979 bytes, uncompressed_size=298654 bytes)
[debug] [2026-04-12T18:23:00.445Z] [unzip] Processing entry: client/assets/index-CjB9C900.css
[debug] [2026-04-12T18:23:00.445Z] [unzip] else mkdir: /Users/silwolf/.cache/firebase/emulators/ui-v1.15.0/client/assets
[debug] [2026-04-12T18:23:00.445Z] [unzip] deflating: /Users/silwolf/.cache/firebase/emulators/ui-v1.15.0/client/assets/index-CjB9C900.css
[debug] [2026-04-12T18:23:00.447Z] [unzip] Entry: client/assets/index-BX-A56oj.js.map (compressed_size=2362482 bytes, uncompressed_size=10036679 bytes)
[debug] [2026-04-12T18:23:00.447Z] [unzip] Processing entry: client/assets/index-BX-A56oj.js.map
[debug] [2026-04-12T18:23:00.447Z] [unzip] else mkdir: /Users/silwolf/.cache/firebase/emulators/ui-v1.15.0/client/assets
[debug] [2026-04-12T18:23:00.447Z] [unzip] deflating: /Users/silwolf/.cache/firebase/emulators/ui-v1.15.0/client/assets/index-BX-A56oj.js.map
[debug] [2026-04-12T18:23:00.474Z] [unzip] Entry: client/assets/extensions/ (compressed_size=0 bytes, uncompressed_size=0 bytes)
[debug] [2026-04-12T18:23:00.474Z] [unzip] Processing entry: client/assets/extensions/
[debug] [2026-04-12T18:23:00.474Z] [unzip] mkdir: /Users/silwolf/.cache/firebase/emulators/ui-v1.15.0/client/assets/extensions/
[debug] [2026-04-12T18:23:00.475Z] [unzip] Entry: client/assets/extensions/default-extension.png (compressed_size=1646 bytes, uncompressed_size=1657 bytes)
[debug] [2026-04-12T18:23:00.475Z] [unzip] Processing entry: client/assets/extensions/default-extension.png
[debug] [2026-04-12T18:23:00.475Z] [unzip] else mkdir: /Users/silwolf/.cache/firebase/emulators/ui-v1.15.0/client/assets/extensions
[debug] [2026-04-12T18:23:00.475Z] [unzip] deflating: /Users/silwolf/.cache/firebase/emulators/ui-v1.15.0/client/assets/extensions/default-extension.png
[debug] [2026-04-12T18:23:00.475Z] [unzip] Entry: client/assets/img/ (compressed_size=0 bytes, uncompressed_size=0 bytes)
[debug] [2026-04-12T18:23:00.475Z] [unzip] Processing entry: client/assets/img/
[debug] [2026-04-12T18:23:00.475Z] [unzip] mkdir: /Users/silwolf/.cache/firebase/emulators/ui-v1.15.0/client/assets/img/
[debug] [2026-04-12T18:23:00.475Z] [unzip] Entry: client/assets/img/database.png (compressed_size=29449 bytes, uncompressed_size=29988 bytes)
[debug] [2026-04-12T18:23:00.475Z] [unzip] Processing entry: client/assets/img/database.png
[debug] [2026-04-12T18:23:00.475Z] [unzip] else mkdir: /Users/silwolf/.cache/firebase/emulators/ui-v1.15.0/client/assets/img
[debug] [2026-04-12T18:23:00.475Z] [unzip] deflating: /Users/silwolf/.cache/firebase/emulators/ui-v1.15.0/client/assets/img/database.png
[debug] [2026-04-12T18:23:00.476Z] [unzip] Entry: client/assets/provider-icons/ (compressed_size=0 bytes, uncompressed_size=0 bytes)
[debug] [2026-04-12T18:23:00.476Z] [unzip] Processing entry: client/assets/provider-icons/
[debug] [2026-04-12T18:23:00.476Z] [unzip] mkdir: /Users/silwolf/.cache/firebase/emulators/ui-v1.15.0/client/assets/provider-icons/
[debug] [2026-04-12T18:23:00.476Z] [unzip] Entry: client/assets/provider-icons/auth_service_saml.svg (compressed_size=575 bytes, uncompressed_size=1226 bytes)
[debug] [2026-04-12T18:23:00.476Z] [unzip] Processing entry: client/assets/provider-icons/auth_service_saml.svg
[debug] [2026-04-12T18:23:00.476Z] [unzip] else mkdir: /Users/silwolf/.cache/firebase/emulators/ui-v1.15.0/client/assets/provider-icons
[debug] [2026-04-12T18:23:00.477Z] [unzip] deflating: /Users/silwolf/.cache/firebase/emulators/ui-v1.15.0/client/assets/provider-icons/auth_service_saml.svg
[debug] [2026-04-12T18:23:00.477Z] [unzip] Entry: client/assets/provider-icons/auth_service_phone.svg (compressed_size=261 bytes, uncompressed_size=414 bytes)
[debug] [2026-04-12T18:23:00.477Z] [unzip] Processing entry: client/assets/provider-icons/auth_service_phone.svg
[debug] [2026-04-12T18:23:00.477Z] [unzip] else mkdir: /Users/silwolf/.cache/firebase/emulators/ui-v1.15.0/client/assets/provider-icons
[debug] [2026-04-12T18:23:00.477Z] [unzip] deflating: /Users/silwolf/.cache/firebase/emulators/ui-v1.15.0/client/assets/provider-icons/auth_service_phone.svg
[debug] [2026-04-12T18:23:00.477Z] [unzip] Entry: client/assets/provider-icons/auth_service_facebook.svg (compressed_size=289 bytes, uncompressed_size=457 bytes)
[debug] [2026-04-12T18:23:00.477Z] [unzip] Processing entry: client/assets/provider-icons/auth_service_facebook.svg
[debug] [2026-04-12T18:23:00.477Z] [unzip] else mkdir: /Users/silwolf/.cache/firebase/emulators/ui-v1.15.0/client/assets/provider-icons
[debug] [2026-04-12T18:23:00.477Z] [unzip] deflating: /Users/silwolf/.cache/firebase/emulators/ui-v1.15.0/client/assets/provider-icons/auth_service_facebook.svg
[debug] [2026-04-12T18:23:00.478Z] [unzip] Entry: client/assets/provider-icons/auth_service_game_center.svg (compressed_size=991 bytes, uncompressed_size=3921 bytes)
[debug] [2026-04-12T18:23:00.478Z] [unzip] Processing entry: client/assets/provider-icons/auth_service_game_center.svg
[debug] [2026-04-12T18:23:00.478Z] [unzip] else mkdir: /Users/silwolf/.cache/firebase/emulators/ui-v1.15.0/client/assets/provider-icons
[debug] [2026-04-12T18:23:00.478Z] [unzip] deflating: /Users/silwolf/.cache/firebase/emulators/ui-v1.15.0/client/assets/provider-icons/auth_service_game_center.svg
[debug] [2026-04-12T18:23:00.478Z] [unzip] Entry: client/assets/provider-icons/auth_service_apple.svg (compressed_size=230 bytes, uncompressed_size=334 bytes)
[debug] [2026-04-12T18:23:00.478Z] [unzip] Processing entry: client/assets/provider-icons/auth_service_apple.svg
[debug] [2026-04-12T18:23:00.478Z] [unzip] else mkdir: /Users/silwolf/.cache/firebase/emulators/ui-v1.15.0/client/assets/provider-icons
[debug] [2026-04-12T18:23:00.478Z] [unzip] deflating: /Users/silwolf/.cache/firebase/emulators/ui-v1.15.0/client/assets/provider-icons/auth_service_apple.svg
[debug] [2026-04-12T18:23:00.478Z] [unzip] Entry: client/assets/provider-icons/auth_service_github.svg (compressed_size=466 bytes, uncompressed_size=838 bytes)
[debug] [2026-04-12T18:23:00.478Z] [unzip] Processing entry: client/assets/provider-icons/auth_service_github.svg
[debug] [2026-04-12T18:23:00.478Z] [unzip] else mkdir: /Users/silwolf/.cache/firebase/emulators/ui-v1.15.0/client/assets/provider-icons
[debug] [2026-04-12T18:23:00.479Z] [unzip] deflating: /Users/silwolf/.cache/firebase/emulators/ui-v1.15.0/client/assets/provider-icons/auth_service_github.svg
[debug] [2026-04-12T18:23:00.479Z] [unzip] Entry: client/assets/provider-icons/auth_service_mslive.svg (compressed_size=203 bytes, uncompressed_size=378 bytes)
[debug] [2026-04-12T18:23:00.479Z] [unzip] Processing entry: client/assets/provider-icons/auth_service_mslive.svg
[debug] [2026-04-12T18:23:00.479Z] [unzip] else mkdir: /Users/silwolf/.cache/firebase/emulators/ui-v1.15.0/client/assets/provider-icons
[debug] [2026-04-12T18:23:00.479Z] [unzip] deflating: /Users/silwolf/.cache/firebase/emulators/ui-v1.15.0/client/assets/provider-icons/auth_service_mslive.svg
[debug] [2026-04-12T18:23:00.479Z] [unzip] Entry: client/assets/provider-icons/auth_service_yahoo.svg (compressed_size=577 bytes, uncompressed_size=1182 bytes)
[debug] [2026-04-12T18:23:00.479Z] [unzip] Processing entry: client/assets/provider-icons/auth_service_yahoo.svg
[debug] [2026-04-12T18:23:00.479Z] [unzip] else mkdir: /Users/silwolf/.cache/firebase/emulators/ui-v1.15.0/client/assets/provider-icons
[debug] [2026-04-12T18:23:00.479Z] [unzip] deflating: /Users/silwolf/.cache/firebase/emulators/ui-v1.15.0/client/assets/provider-icons/auth_service_yahoo.svg
[debug] [2026-04-12T18:23:00.480Z] [unzip] Entry: client/assets/provider-icons/auth_service_twitter.svg (compressed_size=444 bytes, uncompressed_size=751 bytes)
[debug] [2026-04-12T18:23:00.480Z] [unzip] Processing entry: client/assets/provider-icons/auth_service_twitter.svg
[debug] [2026-04-12T18:23:00.480Z] [unzip] else mkdir: /Users/silwolf/.cache/firebase/emulators/ui-v1.15.0/client/assets/provider-icons
[debug] [2026-04-12T18:23:00.480Z] [unzip] deflating: /Users/silwolf/.cache/firebase/emulators/ui-v1.15.0/client/assets/provider-icons/auth_service_twitter.svg
[debug] [2026-04-12T18:23:00.480Z] [unzip] Entry: client/assets/provider-icons/auth_service_play_games.svg (compressed_size=565 bytes, uncompressed_size=1173 bytes)
[debug] [2026-04-12T18:23:00.480Z] [unzip] Processing entry: client/assets/provider-icons/auth_service_play_games.svg
[debug] [2026-04-12T18:23:00.480Z] [unzip] else mkdir: /Users/silwolf/.cache/firebase/emulators/ui-v1.15.0/client/assets/provider-icons
[debug] [2026-04-12T18:23:00.480Z] [unzip] deflating: /Users/silwolf/.cache/firebase/emulators/ui-v1.15.0/client/assets/provider-icons/auth_service_play_games.svg
[debug] [2026-04-12T18:23:00.480Z] [unzip] Entry: client/assets/provider-icons/auth_service_email.svg (compressed_size=228 bytes, uncompressed_size=326 bytes)
[debug] [2026-04-12T18:23:00.480Z] [unzip] Processing entry: client/assets/provider-icons/auth_service_email.svg
[debug] [2026-04-12T18:23:00.480Z] [unzip] else mkdir: /Users/silwolf/.cache/firebase/emulators/ui-v1.15.0/client/assets/provider-icons
[debug] [2026-04-12T18:23:00.480Z] [unzip] deflating: /Users/silwolf/.cache/firebase/emulators/ui-v1.15.0/client/assets/provider-icons/auth_service_email.svg
[debug] [2026-04-12T18:23:00.481Z] [unzip] Entry: client/assets/provider-icons/auth_service_google.svg (compressed_size=409 bytes, uncompressed_size=720 bytes)
[debug] [2026-04-12T18:23:00.481Z] [unzip] Processing entry: client/assets/provider-icons/auth_service_google.svg
[debug] [2026-04-12T18:23:00.481Z] [unzip] else mkdir: /Users/silwolf/.cache/firebase/emulators/ui-v1.15.0/client/assets/provider-icons
[debug] [2026-04-12T18:23:00.481Z] [unzip] deflating: /Users/silwolf/.cache/firebase/emulators/ui-v1.15.0/client/assets/provider-icons/auth_service_google.svg
[debug] [2026-04-12T18:23:00.482Z] [unzip] Entry: client/assets/provider-icons/auth_service_oidc.svg (compressed_size=414 bytes, uncompressed_size=858 bytes)
[debug] [2026-04-12T18:23:00.482Z] [unzip] Processing entry: client/assets/provider-icons/auth_service_oidc.svg
[debug] [2026-04-12T18:23:00.482Z] [unzip] else mkdir: /Users/silwolf/.cache/firebase/emulators/ui-v1.15.0/client/assets/provider-icons
[debug] [2026-04-12T18:23:00.482Z] [unzip] deflating: /Users/silwolf/.cache/firebase/emulators/ui-v1.15.0/client/assets/provider-icons/auth_service_oidc.svg
[debug] [2026-04-12T18:23:00.482Z] [unzip] Entry: client/browserconfig.xml (compressed_size=491 bytes, uncompressed_size=822 bytes)
[debug] [2026-04-12T18:23:00.482Z] [unzip] Processing entry: client/browserconfig.xml
[debug] [2026-04-12T18:23:00.482Z] [unzip] else mkdir: /Users/silwolf/.cache/firebase/emulators/ui-v1.15.0/client
[debug] [2026-04-12T18:23:00.482Z] [unzip] deflating: /Users/silwolf/.cache/firebase/emulators/ui-v1.15.0/client/browserconfig.xml
[debug] [2026-04-12T18:23:00.482Z] [unzip] Entry: client/favicon-32x32.png (compressed_size=475 bytes, uncompressed_size=475 bytes)
[debug] [2026-04-12T18:23:00.482Z] [unzip] Processing entry: client/favicon-32x32.png
[debug] [2026-04-12T18:23:00.482Z] [unzip] else mkdir: /Users/silwolf/.cache/firebase/emulators/ui-v1.15.0/client
[debug] [2026-04-12T18:23:00.482Z] [unzip] Writing file: /Users/silwolf/.cache/firebase/emulators/ui-v1.15.0/client/favicon-32x32.png
[debug] [2026-04-12T18:23:00.483Z] [unzip] Entry: server/ (compressed_size=0 bytes, uncompressed_size=0 bytes)
[debug] [2026-04-12T18:23:00.483Z] [unzip] Processing entry: server/
[debug] [2026-04-12T18:23:00.483Z] [unzip] mkdir: /Users/silwolf/.cache/firebase/emulators/ui-v1.15.0/server/
[debug] [2026-04-12T18:23:00.483Z] [unzip] Entry: server/server.mjs.map (compressed_size=217845 bytes, uncompressed_size=944978 bytes)
[debug] [2026-04-12T18:23:00.483Z] [unzip] Processing entry: server/server.mjs.map
[debug] [2026-04-12T18:23:00.483Z] [unzip] else mkdir: /Users/silwolf/.cache/firebase/emulators/ui-v1.15.0/server
[debug] [2026-04-12T18:23:00.483Z] [unzip] deflating: /Users/silwolf/.cache/firebase/emulators/ui-v1.15.0/server/server.mjs.map
[debug] [2026-04-12T18:23:00.487Z] [unzip] Entry: server/server.mjs (compressed_size=276407 bytes, uncompressed_size=933701 bytes)
[debug] [2026-04-12T18:23:00.487Z] [unzip] Processing entry: server/server.mjs
[debug] [2026-04-12T18:23:00.487Z] [unzip] else mkdir: /Users/silwolf/.cache/firebase/emulators/ui-v1.15.0/server
[debug] [2026-04-12T18:23:00.487Z] [unzip] deflating: /Users/silwolf/.cache/firebase/emulators/ui-v1.15.0/server/server.mjs
[info] i  ui: Removing outdated emulator files: ui-v1.13.0 {"metadata":{"emulator":{"name":"ui"},"message":"Removing outdated emulator files: ui-v1.13.0"}}
[info] i  ui: Removing outdated emulator files: ui-v1.13.0.zip {"metadata":{"emulator":{"name":"ui"},"message":"Removing outdated emulator files: ui-v1.13.0.zip"}}
[info] i  functions: Watching "/Users/silwolf/Desktop/own/mj-obs-mahjongpolyhk/functions" for Cloud Functions... {"metadata":{"emulator":{"name":"functions"},"message":"Watching \"/Users/silwolf/Desktop/own/mj-obs-mahjongpolyhk/functions\" for Cloud Functions..."}}
[debug] [2026-04-12T18:23:00.508Z] Validating nodejs source
[debug] [2026-04-12T18:23:01.046Z] > [functions] package.json contents: {
  "name": "functions",
  "scripts": {
    "lint": "eslint --ext .js,.ts .",
    "build": "tsc",
    "build:watch": "tsc --watch",
    "serve": "npm run build && firebase emulators:start --only functions",
    "shell": "npm run build && firebase functions:shell",
    "start": "npm run shell",
    "deploy": "firebase deploy --only functions",
    "logs": "firebase functions:log"
  },
  "engines": {
    "node": "22"
  },
  "main": "lib/index.js",
  "dependencies": {
    "@sanity/client": "^7.20.0",
    "firebase-admin": "^13.8.0",
    "firebase-functions": "^7.2.5"
  },
  "devDependencies": {
    "@typescript-eslint/eslint-plugin": "^8.58.1",
    "@typescript-eslint/parser": "^8.58.1",
    "eslint": "^10.2.0",
    "eslint-config-google": "^0.14.0",
    "eslint-plugin-import": "^2.32.0",
    "firebase-functions-test": "^3.4.1",
    "typescript": "^6.0.2"
  },
  "private": true
}
[debug] [2026-04-12T18:23:01.046Z] Building nodejs source
[debug] [2026-04-12T18:23:01.046Z] Failed to find version of module node: reached end of search path /Users/silwolf/Desktop/own/mj-obs-mahjongpolyhk/functions/node_modules
[info] ✔  functions: Using node@22 from host. 
[info] i  functions: Loaded environment variables from .env, .env.local. 
[debug] [2026-04-12T18:23:01.050Z] Could not find functions.yaml. Must use http discovery
[debug] [2026-04-12T18:23:01.054Z] Found firebase-functions binary at '/Users/silwolf/Desktop/own/mj-obs-mahjongpolyhk/functions/node_modules/.bin/firebase-functions'
[info] Serving at port 8952

[debug] [2026-04-12T18:23:01.740Z] Got response from /__/functions.yaml {"endpoints":{"uploadResult":{"availableMemoryMb":null,"timeoutSeconds":null,"minInstances":null,"maxInstances":10,"ingressSettings":null,"concurrency":null,"serviceAccountEmail":null,"vpc":null,"platform":"gcfv2","secretEnvironmentVariables":[{"key":"SANITY_INFO"}],"labels":{},"httpsTrigger":{},"entryPoint":"uploadResult"}},"specVersion":"v1alpha1","requiredAPIs":[],"extensions":{},"params":[{"type":"secret","name":"SANITY_INFO"}]}
[info] ✔  functions: Loaded functions definitions from source: uploadResult. {"metadata":{"emulator":{"name":"functions"},"message":"Loaded functions definitions from source: uploadResult."}}
[info] ✔  functions[us-central1-uploadResult]: http function initialized (http://127.0.0.1:5001/hkmjbs-streaming/us-central1/uploadResult). {"metadata":{"emulator":{"name":"functions"},"message":"\u001b[1mhttp\u001b[22m function initialized (http://127.0.0.1:5001/hkmjbs-streaming/us-central1/uploadResult)."}}
[debug] [2026-04-12T18:23:05.783Z] Could not find VSCode notification endpoint: FetchError: request to http://localhost:40001/vscode/notify failed, reason: . If you are not running the Firebase Data Connect VSCode extension, this is expected and not an issue.
[info] 
┌─────────────────────────────────────────────────────────────┐
│ ✔  All emulators ready! It is now safe to connect your app. │
│ i  View Emulator UI at http://127.0.0.1:4000/               │
└─────────────────────────────────────────────────────────────┘

┌───────────┬────────────────┬─────────────────────────────────┐
│ Emulator  │ Host:Port      │ View in Emulator UI             │
├───────────┼────────────────┼─────────────────────────────────┤
│ Functions │ 127.0.0.1:5001 │ http://127.0.0.1:4000/functions │
└───────────┴────────────────┴─────────────────────────────────┘
  Emulator Hub host: 127.0.0.1 port: 4400
  Other reserved ports: 4500

Issues? Report them at https://github.com/firebase/firebase-tools/issues and attach the *-debug.log files.
 
